<?xml version="1.0" encoding="UTF-8"?>
<!-- Generated by org.testng.reporters.JUnitReportReporter -->
<testsuite skipped="0" hostname="AJAGOW-LAPW10" name="com.practice.AssertTest" tests="1" failures="0" timestamp="2021-03-11T10:02:12 IST" time="0.005" errors="0">
  <testcase name="test1" time="0.005" classname="com.practice.AssertTest"/>
  <system-out/>
</testsuite> <!-- com.practice.AssertTest -->
